<?xml version="1.0" encoding="UTF-8"?>
<!-- Generated by org.testng.reporters.JUnitXMLReporter -->
<testsuite ignored="0" hostname="Ksenias-MBP.hitronhub.home" failures="0" tests="2" name="NegativeTest" time="8.933" errors="0" timestamp="17 Oct 2020 00:53:07 GMT">
  <testcase classname="com.herokuapp.theinternet.NegativeTest" name="invalidPasswordTest" time="2.885"/>
  <testcase classname="com.herokuapp.theinternet.NegativeTest" name="invalidUsernameTest" time="6.042"/>
</testsuite> <!-- NegativeTest -->
