<?xml version="1.0" encoding="UTF-8"?>
<!-- Generated by org.testng.reporters.JUnitXMLReporter -->
<testsuite ignored="1" hostname="Ksenias-MBP.hitronhub.home" failures="0" tests="1" name="NegativeTest" time="6.769" errors="0" timestamp="17 Oct 2020 01:37:29 GMT">
  <testcase classname="com.herokuapp.theinternet.NegativeTest" name="invalidUsernameTest" time="6.736"/>
  <testcase classname="com.herokuapp.theinternet.NegativeTest" name="invalidPasswordTest" time="0.0">
    <ignored/>
  </testcase> <!-- invalidPasswordTest -->
</testsuite> <!-- NegativeTest -->
