<?xml version="1.0" encoding="UTF-8"?>
<!-- Generated by org.testng.reporters.JUnitXMLReporter -->
<testsuite ignored="1" hostname="Ksenias-MBP.hitronhub.home" failures="0" tests="1" name="PositiveTest" time="3.576" errors="0" timestamp="17 Oct 2020 02:22:00 GMT">
  <testcase classname="com.herokuapp.theinternet.LoginTests" name="PositiveLoginTest" time="1.725"/>
  <testcase classname="com.herokuapp.theinternet.LoginTests" name="invalidLoginTest" time="0.0">
    <ignored/>
  </testcase> <!-- invalidLoginTest -->
</testsuite> <!-- PositiveTest -->
