<?xml version="1.0" encoding="UTF-8"?>
<!-- Generated by org.testng.reporters.JUnitXMLReporter -->
<testsuite ignored="3" hostname="Ksenias-MBP.hitronhub.home" failures="0" tests="1" name="NotvisibleTest" time="7.599" errors="0" timestamp="18 Oct 2020 03:53:38 GMT">
  <testcase classname="com.herokuapp.theinternet.ExceptionTests" name="disabledElementTest" time="5.401"/>
  <testcase classname="com.herokuapp.theinternet.ExceptionTests" name="notVisibleTest" time="0.0">
    <ignored/>
  </testcase> <!-- notVisibleTest -->
  <testcase classname="com.herokuapp.theinternet.ExceptionTests" name="timeoutTest" time="0.0">
    <ignored/>
  </testcase> <!-- timeoutTest -->
  <testcase classname="com.herokuapp.theinternet.ExceptionTests" name="StaleElementTest" time="0.0">
    <ignored/>
  </testcase> <!-- StaleElementTest -->
</testsuite> <!-- NotvisibleTest -->
