<?xml version="1.0" encoding="UTF-8"?>
<!-- Generated by org.testng.reporters.JUnitXMLReporter -->
<testsuite ignored="0" hostname="Ksenias-MBP.hitronhub.home" failures="0" tests="2" name="Default test" time="11.201" errors="0" timestamp="17 Oct 2020 02:09:26 GMT">
  <testcase classname="com.herokuapp.theinternet.LoginTests" name="PositiveLoginTest" time="4.668"/>
  <testcase classname="com.herokuapp.theinternet.LoginTests" name="invalidLoginTest" time="6.496"/>
</testsuite> <!-- Default test -->
