<?xml version="1.0" encoding="UTF-8"?>
<!-- Generated by org.testng.reporters.JUnitXMLReporter -->
<testsuite ignored="1" hostname="Ksenias-MBP.hitronhub.home" failures="0" tests="1" name="PositiveTest" time="6.446" errors="0" timestamp="18 Oct 2020 00:29:54 GMT">
  <testcase classname="com.herokuapp.theinternet.LoginTests" name="PositiveLoginTest" time="3.181"/>
  <testcase classname="com.herokuapp.theinternet.LoginTests" name="invalidLoginTest" time="0.0">
    <ignored/>
  </testcase> <!-- invalidLoginTest -->
</testsuite> <!-- PositiveTest -->
